# JRE version: Java(TM) SE Runtime Environment (8.0_91-b14) (build 1.8.0_91-b14)
# Java VM: Java HotSpot(TM) 64-Bit Server VM (25.91-b14 mixed mode windows-amd64 compressed oops)
Heap:
 PSYoungGen      total 189952K, used 102681K [0x00000000eab00000, 0x00000000f8000000, 0x0000000100000000)
  eden space 170496K, 60% used [0x00000000eab00000,0x00000000f0f46778,0x00000000f5180000)
  from space 19456K, 0% used [0x00000000f5180000,0x00000000f5180000,0x00000000f6480000)
  to   space 23552K, 0% used [0x00000000f6900000,0x00000000f6900000,0x00000000f8000000)
 ParOldGen       total 86016K, used 46225K [0x00000000c0000000, 0x00000000c5400000, 0x00000000eab00000)
  object space 86016K, 53% used [0x00000000c0000000,0x00000000c2d24500,0x00000000c5400000)
 Metaspace       used 53319K, capacity 54686K, committed 54784K, reserved 1095680K
  class space    used 7317K, capacity 7651K, committed 7680K, reserved 1048576K
GC Heap History (10 events):
Event: 9.418 GC heap before
{Heap before GC invocations=10 (full 2):
 PSYoungGen      total 138240K, used 7796K [0x00000000eab00000, 0x00000000f5b00000, 0x0000000100000000)
  eden space 125952K, 0% used [0x00000000eab00000,0x00000000eab00000,0x00000000f2600000)
  from space 12288K, 63% used [0x00000000f3180000,0x00000000f391d3f0,0x00000000f3d80000)
  to   space 11776K, 0% used [0x00000000f2600000,0x00000000f2600000,0x00000000f3180000)
 ParOldGen       total 65024K, used 12853K [0x00000000c0000000, 0x00000000c3f80000, 0x00000000eab00000)
  object space 65024K, 19% used [0x00000000c0000000,0x00000000c0c8d4c0,0x00000000c3f80000)
 Metaspace       used 34586K, capacity 35292K, committed 35456K, reserved 1079296K
  class space    used 4731K, capacity 4923K, committed 4992K, reserved 1048576K
Event: 9.495 GC heap after
Heap after GC invocations=10 (full 2):
 PSYoungGen      total 138240K, used 0K [0x00000000eab00000, 0x00000000f5b00000, 0x0000000100000000)
  eden space 125952K, 0% used [0x00000000eab00000,0x00000000eab00000,0x00000000f2600000)
  from space 12288K, 0% used [0x00000000f3180000,0x00000000f3180000,0x00000000f3d80000)
  to   space 11776K, 0% used [0x00000000f2600000,0x00000000f2600000,0x00000000f3180000)
 ParOldGen       total 86016K, used 15293K [0x00000000c0000000, 0x00000000c5400000, 0x00000000eab00000)
  object space 86016K, 17% used [0x00000000c0000000,0x00000000c0eef460,0x00000000c5400000)
 Metaspace       used 34560K, capacity 35204K, committed 35456K, reserved 1079296K
  class space    used 4723K, capacity 4915K, committed 4992K, reserved 1048576K
}
Event: 23.472 GC heap before
{Heap before GC invocations=11 (full 2):
 PSYoungGen      total 138240K, used 125952K [0x00000000eab00000, 0x00000000f5b00000, 0x0000000100000000)
  eden space 125952K, 100% used [0x00000000eab00000,0x00000000f2600000,0x00000000f2600000)
  from space 12288K, 0% used [0x00000000f3180000,0x00000000f3180000,0x00000000f3d80000)
  to   space 11776K, 0% used [0x00000000f2600000,0x00000000f2600000,0x00000000f3180000)
 ParOldGen       total 86016K, used 15293K [0x00000000c0000000, 0x00000000c5400000, 0x00000000eab00000)
  object space 86016K, 17% used [0x00000000c0000000,0x00000000c0eef460,0x00000000c5400000)
 Metaspace       used 44440K, capacity 45324K, committed 45440K, reserved 1089536K
  class space    used 6034K, capacity 6219K, committed 6272K, reserved 1048576K
Event: 23.486 GC heap after
Heap after GC invocations=11 (full 2):
 PSYoungGen      total 137728K, used 11775K [0x00000000eab00000, 0x00000000f7280000, 0x0000000100000000)
  eden space 125952K, 0% used [0x00000000eab00000,0x00000000eab00000,0x00000000f2600000)
  from space 11776K, 99% used [0x00000000f2600000,0x00000000f317fc08,0x00000000f3180000)
  to   space 14336K, 0% used [0x00000000f6480000,0x00000000f6480000,0x00000000f7280000)
 ParOldGen       total 86016K, used 18012K [0x00000000c0000000, 0x00000000c5400000, 0x00000000eab00000)
  object space 86016K, 20% used [0x00000000c0000000,0x00000000c11973a8,0x00000000c5400000)
 Metaspace       used 44440K, capacity 45324K, committed 45440K, reserved 1089536K
  class space    used 6034K, capacity 6219K, committed 6272K, reserved 1048576K
}
Event: 33.524 GC heap before
{Heap before GC invocations=12 (full 2):
 PSYoungGen      total 137728K, used 137727K [0x00000000eab00000, 0x00000000f7280000, 0x0000000100000000)
  eden space 125952K, 100% used [0x00000000eab00000,0x00000000f2600000,0x00000000f2600000)
  from space 11776K, 99% used [0x00000000f2600000,0x00000000f317fc08,0x00000000f3180000)
  to   space 14336K, 0% used [0x00000000f6480000,0x00000000f6480000,0x00000000f7280000)
 ParOldGen       total 86016K, used 18012K [0x00000000c0000000, 0x00000000c5400000, 0x00000000eab00000)
  object space 86016K, 20% used [0x00000000c0000000,0x00000000c11973a8,0x00000000c5400000)
 Metaspace       used 50543K, capacity 51558K, committed 51840K, reserved 1093632K
  class space    used 6926K, capacity 7190K, committed 7296K, reserved 1048576K
Event: 33.541 GC heap after
Heap after GC invocations=12 (full 2):
 PSYoungGen      total 184832K, used 14305K [0x00000000eab00000, 0x00000000f7800000, 0x0000000100000000)
  eden space 170496K, 0% used [0x00000000eab00000,0x00000000eab00000,0x00000000f5180000)
  from space 14336K, 99% used [0x00000000f6480000,0x00000000f7278730,0x00000000f7280000)
  to   space 19456K, 0% used [0x00000000f5180000,0x00000000f5180000,0x00000000f6480000)
 ParOldGen       total 86016K, used 27501K [0x00000000c0000000, 0x00000000c5400000, 0x00000000eab00000)
  object space 86016K, 31% used [0x00000000c0000000,0x00000000c1adb590,0x00000000c5400000)
 Metaspace       used 50543K, capacity 51558K, committed 51840K, reserved 1093632K
  class space    used 6926K, capacity 7190K, committed 7296K, reserved 1048576K
}
Event: 34.581 GC heap before
{Heap before GC invocations=13 (full 2):
 PSYoungGen      total 184832K, used 100084K [0x00000000eab00000, 0x00000000f7800000, 0x0000000100000000)
  eden space 170496K, 50% used [0x00000000eab00000,0x00000000efec4c40,0x00000000f5180000)
  from space 14336K, 99% used [0x00000000f6480000,0x00000000f7278730,0x00000000f7280000)
  to   space 19456K, 0% used [0x00000000f5180000,0x00000000f5180000,0x00000000f6480000)
 ParOldGen       total 86016K, used 27501K [0x00000000c0000000, 0x00000000c5400000, 0x00000000eab00000)
  object space 86016K, 31% used [0x00000000c0000000,0x00000000c1adb590,0x00000000c5400000)
 Metaspace       used 52851K, capacity 54158K, committed 54272K, reserved 1095680K
  class space    used 7293K, capacity 7623K, committed 7680K, reserved 1048576K
Event: 34.602 GC heap after
Heap after GC invocations=13 (full 2):
 PSYoungGen      total 189952K, used 19430K [0x00000000eab00000, 0x00000000f8000000, 0x0000000100000000)
  eden space 170496K, 0% used [0x00000000eab00000,0x00000000eab00000,0x00000000f5180000)
  from space 19456K, 99% used [0x00000000f5180000,0x00000000f6479b40,0x00000000f6480000)
  to   space 23552K, 0% used [0x00000000f6900000,0x00000000f6900000,0x00000000f8000000)
 ParOldGen       total 86016K, used 31276K [0x00000000c0000000, 0x00000000c5400000, 0x00000000eab00000)
  object space 86016K, 36% used [0x00000000c0000000,0x00000000c1e8b148,0x00000000c5400000)
 Metaspace       used 52851K, capacity 54158K, committed 54272K, reserved 1095680K
  class space    used 7293K, capacity 7623K, committed 7680K, reserved 1048576K
}
Event: 34.602 GC heap before
{Heap before GC invocations=14 (full 3):
 PSYoungGen      total 189952K, used 19430K [0x00000000eab00000, 0x00000000f8000000, 0x0000000100000000)
  eden space 170496K, 0% used [0x00000000eab00000,0x00000000eab00000,0x00000000f5180000)
  from space 19456K, 99% used [0x00000000f5180000,0x00000000f6479b40,0x00000000f6480000)
  to   space 23552K, 0% used [0x00000000f6900000,0x00000000f6900000,0x00000000f8000000)
 ParOldGen       total 86016K, used 31276K [0x00000000c0000000, 0x00000000c5400000, 0x00000000eab00000)
  object space 86016K, 36% used [0x00000000c0000000,0x00000000c1e8b148,0x00000000c5400000)
 Metaspace       used 52851K, capacity 54158K, committed 54272K, reserved 1095680K
  class space    used 7293K, capacity 7623K, committed 7680K, reserved 1048576K
Event: 34.845 GC heap after
Heap after GC invocations=14 (full 3):
 PSYoungGen      total 189952K, used 0K [0x00000000eab00000, 0x00000000f8000000, 0x0000000100000000)
  eden space 170496K, 0% used [0x00000000eab00000,0x00000000eab00000,0x00000000f5180000)
  from space 19456K, 0% used [0x00000000f5180000,0x00000000f5180000,0x00000000f6480000)
  to   space 23552K, 0% used [0x00000000f6900000,0x00000000f6900000,0x00000000f8000000)
 ParOldGen       total 86016K, used 46225K [0x00000000c0000000, 0x00000000c5400000, 0x00000000eab00000)
  object space 86016K, 53% used [0x00000000c0000000,0x00000000c2d24500,0x00000000c5400000)
 Metaspace       used 52851K, capacity 54158K, committed 54272K, reserved 1095680K
  class space    used 7293K, capacity 7623K, committed 7680K, reserved 1048576K
}

